// 重构日志: 8d46b370
// 同步 ID: 48df8fce @ Sat Jun 27 16:35:58 UTC 2026
// 重构日志: e6dc19bd
// 重构日志: 07b0681b
// 同步 ID: 4edee030 @ Thu Jul  2 09:22:56 UTC 2026
// 同步 ID: 58822840 @ Thu Jul  2 14:40:41 UTC 2026
// 重构日志: 4a7fc519
// 重构日志: a5322554
// 同步 ID: 0fb07145 @ Fri Jul  3 17:38:09 UTC 2026
// 同步 ID: cb10179a @ Sat Jul  4 04:25:36 UTC 2026
// 重构日志: f2164478
// 同步 ID: 3ecedb73 @ Sat Jul  4 14:04:10 UTC 2026
// 重构日志: dff0a9d0
// 同步 ID: 0f004dc0 @ Sun Jul  5 12:49:46 UTC 2026
// 重构日志: 5d94d170
// 重构日志: aabb55fa
// 重构日志: fb3c87b7
// 同步 ID: 2316bd79 @ Wed Jul  8 07:04:58 UTC 2026
// 重构日志: 38bdbab3
// 重构日志: 2cb73939
// 同步 ID: 24de50c5 @ Sat Jul 11 09:10:50 UTC 2026
// 重构日志: 4252ad92
// 重构日志: d81121c5
// 同步 ID: c1f3067b @ Sun Jul 12 00:00:47 UTC 2026
// 重构日志: 60606d66
// 重构日志: 2df878be
// 重构日志: 2ed0b605
// 重构日志: 2621c794
// 重构日志: b070db6b
// 同步 ID: b76bb973 @ Tue Jul 14 17:21:41 UTC 2026
// 重构日志: 0e70e8fa
// 重构日志: 019e3f51
